<?xml version="1.0" encoding="UTF-8"?>
<beans xmlns="http://www.springframework.org/schema/beans"
	xmlns:xsi="http://www.w3.org/2001/XMLSchema-instance"
	xsi:schemaLocation="http://www.springframework.org/schema/beans
    http://www.springframework.org/schema/beans/spring-beans-3.0.xsd">
 
	<bean id="DEFAULT_DATA_SOURCE"
		class="org.springframework.jdbc.datasource.DriverManagerDataSource">
		<property name="driverClassName" value="oracle.jdbc.OracleDriver" />
		<!-- 測試機 -->
<!-- 		<property name="url" value="jdbc:oracle:thin:@C4C009627.cminl.oa:1521:mro130515" />
		<property name="username" value="csp" />
		<property name="password" value="csp123" /> -->
		
		<!-- 正式機 -->
		<property name="url" value="jdbc:oracle:thin:@pvMAXIMO.cminl.oa:1521:PMAXIMDB" />
		<property name="username" value="CSP_AP" />
		<property name="password" value="mro0801" />
	</bean>
	
</beans>
